<?xml version="1.0" encoding="UTF-8"?>
<testng-results ignored="0" total="1" passed="1" failed="0" skipped="0">
  <reporter-output>
  </reporter-output>
  <suite started-at="2023-07-19T22:38:59 IST" name="Default suite" finished-at="2023-07-19T22:39:19 IST" duration-ms="19868">
    <groups>
      <group name="cucumber">
        <method signature="AbstractTestNGCucumberTests.runScenario(io.cucumber.testng.PickleWrapper,io.cucumber.testng.FeatureWrapper)[pri:0, instance:org.tillster.chowking.runner.RunnerCucumber@338fc1d8]" name="runScenario" class="io.cucumber.testng.AbstractTestNGCucumberTests"/>
      </group> <!-- cucumber -->
    </groups>
    <test started-at="2023-07-19T22:38:59 IST" name="Default test" finished-at="2023-07-19T22:39:19 IST" duration-ms="19868">
      <class name="org.tillster.chowking.runner.RunnerCucumber">
        <test-method is-config="true" signature="setUpClass(org.testng.ITestContext)[pri:0, instance:org.tillster.chowking.runner.RunnerCucumber@338fc1d8]" started-at="2023-07-19T22:38:59 IST" name="setUpClass" finished-at="2023-07-19T22:39:00 IST" duration-ms="1175" status="PASS">
          <params>
            <param index="0">
              <value>
                <![CDATA[org.testng.TestRunner@18cf5c52]]>
              </value>
            </param>
          </params>
          <reporter-output>
          </reporter-output>
        </test-method> <!-- setUpClass -->
        <test-method signature="runScenario(io.cucumber.testng.PickleWrapper,io.cucumber.testng.FeatureWrapper)[pri:0, instance:org.tillster.chowking.runner.RunnerCucumber@338fc1d8]" started-at="2023-07-19T22:39:00 IST" name="runScenario" description="Runs Cucumber Scenarios" data-provider="scenarios" finished-at="2023-07-19T22:39:18 IST" duration-ms="17761" status="PASS">
          <params>
            <param index="0">
              <value>
                <![CDATA["Login into amazon website with valid credentials"]]>
              </value>
            </param>
            <param index="1">
              <value>
                <![CDATA["Login into Amazon webpage"]]>
              </value>
            </param>
          </params>
          <reporter-output>
          </reporter-output>
        </test-method> <!-- runScenario -->
        <test-method is-config="true" signature="tearDownClass()[pri:0, instance:org.tillster.chowking.runner.RunnerCucumber@338fc1d8]" started-at="2023-07-19T22:39:18 IST" name="tearDownClass" finished-at="2023-07-19T22:39:19 IST" duration-ms="858" status="PASS">
          <reporter-output>
          </reporter-output>
        </test-method> <!-- tearDownClass -->
      </class> <!-- org.tillster.chowking.runner.RunnerCucumber -->
    </test> <!-- Default test -->
  </suite> <!-- Default suite -->
</testng-results>
